#! /usr/share/iverilog-0.9.7/bin/vvp
:ivl_version "0.9.7 " "(v0_9_6)";
:vpi_time_precision - 12;
:vpi_module "system";
:vpi_module "v2005_math";
:vpi_module "va_math";
S_0xd94360 .scope module, "Counter_TB" "Counter_TB" 2 2;
 .timescale -9 -12;
v0xda6940_0 .net "AN_EN_TB", 3 0, v0xd8f460_0; 1 drivers
v0xda6a10_0 .var "clk_TB", 0 0;
S_0xd94450 .scope module, "Counter_TB" "Counter" 2 6, 3 2, S_0xd94360;
 .timescale -9 -12;
v0xd8f460_0 .var "AN_EN", 3 0;
v0xda6750_0 .net "clk", 0 0, v0xda6a10_0; 1 drivers
v0xda67f0_0 .var "cnt", 3 0;
v0xda6890_0 .var/i "i", 31 0;
E_0xd6e2b0 .event edge, v0xda6750_0;
    .scope S_0xd94450;
T_0 ;
    %set/v v0xda6890_0, 0, 32;
    %end;
    .thread T_0;
    .scope S_0xd94450;
T_1 ;
    %set/v v0xda67f0_0, 1, 4;
    %end;
    .thread T_1;
    .scope S_0xd94450;
T_2 ;
    %wait E_0xd6e2b0;
    %load/v 8, v0xda6890_0, 32;
    %mov 40, 39, 1;
    %addi 8, 1, 33;
    %set/v v0xda6890_0, 8, 32;
    %movi 8, 16, 32;
    %load/v 40, v0xda6890_0, 32;
    %cmp/s 8, 40, 32;
    %or 5, 4, 1;
    %jmp/0xz  T_2.0, 5;
    %set/v v0xda6890_0, 0, 32;
    %load/v 8, v0xda67f0_0, 4;
    %mov 12, 0, 28;
    %subi 8, 1, 32;
    %set/v v0xda67f0_0, 8, 4;
T_2.0 ;
    %load/v 8, v0xda67f0_0, 4;
    %cmpi/u 8, 15, 4;
    %jmp/1 T_2.2, 6;
    %cmpi/u 8, 14, 4;
    %jmp/1 T_2.3, 6;
    %cmpi/u 8, 13, 4;
    %jmp/1 T_2.4, 6;
    %cmpi/u 8, 12, 4;
    %jmp/1 T_2.5, 6;
    %cmpi/u 8, 11, 4;
    %jmp/1 T_2.6, 6;
    %cmpi/u 8, 10, 4;
    %jmp/1 T_2.7, 6;
    %cmpi/u 8, 9, 4;
    %jmp/1 T_2.8, 6;
    %cmpi/u 8, 8, 4;
    %jmp/1 T_2.9, 6;
    %cmpi/u 8, 7, 4;
    %jmp/1 T_2.10, 6;
    %cmpi/u 8, 6, 4;
    %jmp/1 T_2.11, 6;
    %cmpi/u 8, 5, 4;
    %jmp/1 T_2.12, 6;
    %cmpi/u 8, 4, 4;
    %jmp/1 T_2.13, 6;
    %cmpi/u 8, 3, 4;
    %jmp/1 T_2.14, 6;
    %cmpi/u 8, 2, 4;
    %jmp/1 T_2.15, 6;
    %cmpi/u 8, 1, 4;
    %jmp/1 T_2.16, 6;
    %cmpi/u 8, 0, 4;
    %jmp/1 T_2.17, 6;
    %set/v v0xd8f460_0, 3, 4;
    %jmp T_2.19;
T_2.2 ;
    %set/v v0xd8f460_0, 1, 4;
    %jmp T_2.19;
T_2.3 ;
    %movi 8, 7, 4;
    %set/v v0xd8f460_0, 8, 4;
    %jmp T_2.19;
T_2.4 ;
    %set/v v0xd8f460_0, 1, 4;
    %jmp T_2.19;
T_2.5 ;
    %set/v v0xd8f460_0, 1, 4;
    %jmp T_2.19;
T_2.6 ;
    %set/v v0xd8f460_0, 1, 4;
    %jmp T_2.19;
T_2.7 ;
    %movi 8, 11, 4;
    %set/v v0xd8f460_0, 8, 4;
    %jmp T_2.19;
T_2.8 ;
    %set/v v0xd8f460_0, 1, 4;
    %jmp T_2.19;
T_2.9 ;
    %set/v v0xd8f460_0, 1, 4;
    %jmp T_2.19;
T_2.10 ;
    %set/v v0xd8f460_0, 1, 4;
    %jmp T_2.19;
T_2.11 ;
    %movi 8, 13, 4;
    %set/v v0xd8f460_0, 8, 4;
    %jmp T_2.19;
T_2.12 ;
    %set/v v0xd8f460_0, 1, 4;
    %jmp T_2.19;
T_2.13 ;
    %set/v v0xd8f460_0, 1, 4;
    %jmp T_2.19;
T_2.14 ;
    %set/v v0xd8f460_0, 1, 4;
    %jmp T_2.19;
T_2.15 ;
    %movi 8, 14, 4;
    %set/v v0xd8f460_0, 8, 4;
    %jmp T_2.19;
T_2.16 ;
    %set/v v0xd8f460_0, 1, 4;
    %jmp T_2.19;
T_2.17 ;
    %set/v v0xd8f460_0, 1, 4;
    %jmp T_2.19;
T_2.19 ;
    %jmp T_2;
    .thread T_2, $push;
    .scope S_0xd94360;
T_3 ;
    %vpi_call 2 9 "$dumpfile", "dump.vcd";
    %vpi_call 2 9 "$dumpvars";
    %set/v v0xda6a10_0, 0, 1;
    %delay 20000, 0;
    %set/v v0xda6a10_0, 1, 1;
    %vpi_call 2 11 "$display", "AN_EN = %b", v0xda6940_0;
    %delay 20000, 0;
    %set/v v0xda6a10_0, 0, 1;
    %vpi_call 2 12 "$display", "AN_EN = %b", v0xda6940_0;
    %delay 20000, 0;
    %set/v v0xda6a10_0, 1, 1;
    %vpi_call 2 13 "$display", "AN_EN = %b", v0xda6940_0;
    %delay 20000, 0;
    %set/v v0xda6a10_0, 0, 1;
    %vpi_call 2 14 "$display", "AN_EN = %b", v0xda6940_0;
    %end;
    .thread T_3;
# The file index is used to find the file name in the following table.
:file_names 4;
    "N/A";
    "<interactive>";
    "testbench.sv";
    "design.sv";
