#! /usr/share/iverilog-0.9.7/bin/vvp
:ivl_version "0.9.7 " "(v0_9_6)";
:vpi_time_precision - 12;
:vpi_module "system";
:vpi_module "v2005_math";
:vpi_module "va_math";
S_0x1d5c450 .scope module, "LEDdecoder_TB" "LEDdecoder_TB" 2 3;
 .timescale -9 -12;
v0x1d6e9c0_0 .var "AN_TB", 0 0;
v0x1d6ea90_0 .net "LED_TB", 6 0, v0x1d6e7d0_0; 1 drivers
v0x1d6eb40_0 .var "char_TB", 3 0;
v0x1d6ebf0_0 .var "reset_TB", 0 0;
S_0x1d5c540 .scope module, "LEDdecoder_TB" "LEDdecoder" 2 9, 3 3, S_0x1d5c450;
 .timescale -9 -12;
v0x1d48580_0 .net "AN", 0 0, v0x1d6e9c0_0; 1 drivers
v0x1d6e7d0_0 .var "LED", 6 0;
v0x1d6e870_0 .net "char", 3 0, v0x1d6eb40_0; 1 drivers
v0x1d6e910_0 .net "reset", 0 0, v0x1d6ebf0_0; 1 drivers
E_0x1d34e30 .event edge, v0x1d48580_0, v0x1d6e910_0, v0x1d6e870_0;
    .scope S_0x1d5c540;
T_0 ;
    %wait E_0x1d34e30;
    %set/v v0x1d6e7d0_0, 1, 7;
    %load/v 8, v0x1d6e910_0, 1;
    %inv 8, 1;
    %jmp/0xz  T_0.0, 8;
    %set/v v0x1d6e7d0_0, 1, 7;
    %jmp T_0.1;
T_0.0 ;
    %load/v 8, v0x1d48580_0, 1;
    %inv 8, 1;
    %jmp/0xz  T_0.2, 8;
    %load/v 8, v0x1d6e870_0, 4;
    %cmpi/u 8, 0, 4;
    %jmp/1 T_0.4, 6;
    %cmpi/u 8, 1, 4;
    %jmp/1 T_0.5, 6;
    %cmpi/u 8, 2, 4;
    %jmp/1 T_0.6, 6;
    %cmpi/u 8, 3, 4;
    %jmp/1 T_0.7, 6;
    %cmpi/u 8, 4, 4;
    %jmp/1 T_0.8, 6;
    %cmpi/u 8, 5, 4;
    %jmp/1 T_0.9, 6;
    %cmpi/u 8, 6, 4;
    %jmp/1 T_0.10, 6;
    %cmpi/u 8, 7, 4;
    %jmp/1 T_0.11, 6;
    %cmpi/u 8, 8, 4;
    %jmp/1 T_0.12, 6;
    %cmpi/u 8, 9, 4;
    %jmp/1 T_0.13, 6;
    %cmpi/u 8, 45, 4;
    %jmp/1 T_0.14, 6;
    %cmpi/u 8, 32, 4;
    %jmp/1 T_0.15, 6;
    %cmpi/u 8, 70, 4;
    %jmp/1 T_0.16, 6;
    %jmp T_0.17;
T_0.4 ;
    %movi 8, 64, 7;
    %set/v v0x1d6e7d0_0, 8, 7;
    %jmp T_0.17;
T_0.5 ;
    %movi 8, 121, 7;
    %set/v v0x1d6e7d0_0, 8, 7;
    %jmp T_0.17;
T_0.6 ;
    %movi 8, 12, 7;
    %set/v v0x1d6e7d0_0, 8, 7;
    %jmp T_0.17;
T_0.7 ;
    %movi 8, 48, 7;
    %set/v v0x1d6e7d0_0, 8, 7;
    %jmp T_0.17;
T_0.8 ;
    %movi 8, 25, 7;
    %set/v v0x1d6e7d0_0, 8, 7;
    %jmp T_0.17;
T_0.9 ;
    %movi 8, 18, 7;
    %set/v v0x1d6e7d0_0, 8, 7;
    %jmp T_0.17;
T_0.10 ;
    %movi 8, 2, 7;
    %set/v v0x1d6e7d0_0, 8, 7;
    %jmp T_0.17;
T_0.11 ;
    %movi 8, 120, 7;
    %set/v v0x1d6e7d0_0, 8, 7;
    %jmp T_0.17;
T_0.12 ;
    %set/v v0x1d6e7d0_0, 0, 7;
    %jmp T_0.17;
T_0.13 ;
    %movi 8, 16, 7;
    %set/v v0x1d6e7d0_0, 8, 7;
    %jmp T_0.17;
T_0.14 ;
    %movi 8, 63, 7;
    %set/v v0x1d6e7d0_0, 8, 7;
    %jmp T_0.17;
T_0.15 ;
    %set/v v0x1d6e7d0_0, 1, 7;
    %jmp T_0.17;
T_0.16 ;
    %movi 8, 14, 7;
    %set/v v0x1d6e7d0_0, 8, 7;
    %jmp T_0.17;
T_0.17 ;
T_0.2 ;
T_0.1 ;
    %jmp T_0;
    .thread T_0, $push;
    .scope S_0x1d5c450;
T_1 ;
    %vpi_call 2 12 "$dumpfile", "dump.vcd";
    %vpi_call 2 12 "$dumpvars";
    %set/v v0x1d6e9c0_0, 0, 1;
    %set/v v0x1d6ebf0_0, 1, 1;
    %set/v v0x1d6eb40_0, 0, 4;
    %delay 20000, 0;
    %vpi_call 2 14 "$display", "LED = %b", v0x1d6ea90_0;
    %movi 8, 1, 4;
    %set/v v0x1d6eb40_0, 8, 4;
    %delay 20000, 0;
    %vpi_call 2 15 "$display", "LED = %b", v0x1d6ea90_0;
    %movi 8, 2, 4;
    %set/v v0x1d6eb40_0, 8, 4;
    %delay 20000, 0;
    %vpi_call 2 16 "$display", "LED = %b", v0x1d6ea90_0;
    %movi 8, 3, 4;
    %set/v v0x1d6eb40_0, 8, 4;
    %delay 20000, 0;
    %vpi_call 2 17 "$display", "LED = %b", v0x1d6ea90_0;
    %end;
    .thread T_1;
# The file index is used to find the file name in the following table.
:file_names 4;
    "N/A";
    "<interactive>";
    "testbench.sv";
    "design.sv";
